<?xml version="1.0" encoding="UTF-8"?>
<!-- Generated by org.testng.reporters.JUnitReportReporter -->
<testsuite name="com.doudou.uu.AppTest" tests="1" time="0.026" ignored="0" failures="0" timestamp="23 三月 2017 00:07:10 GMT" skipped="0" hostname="doudou-PC" errors="0">
  <testcase name="testApp" time="0.026" classname="com.doudou.uu.AppTest"/>
</testsuite> <!-- com.doudou.uu.AppTest -->
